#
# There is insufficient memory for the Java Runtime Environment to continue.
# Native memory allocation (malloc) failed to allocate 52496 bytes for Chunk::new
# Possible reasons:
#   The system is out of physical RAM or swap space
#   In 32 bit mode, the process size limit was hit
# Possible solutions:
#   Reduce memory load on the system
#   Increase physical memory or swap space
#   Check if swap backing store is full
#   Use 64 bit Java on a 64 bit OS
#   Decrease Java heap size (-Xmx/-Xms)
#   Decrease number of Java threads
#   Decrease Java thread stack sizes (-Xss)
#   Set larger code cache with -XX:ReservedCodeCacheSize=
# This output file may be truncated or incomplete.
#
#  Out of Memory Error (allocation.cpp:390), pid=17992, tid=12132
#
# JRE version: Java(TM) SE Runtime Environment (8.0_45-b15) (build 1.8.0_45-b15)
# Java VM: Java HotSpot(TM) 64-Bit Server VM (25.45-b02 mixed mode windows-amd64 compressed oops)
# Failed to write core dump. Minidumps are not enabled by default on client versions of Windows
#

---------------  T H R E A D  ---------------

Current thread (0x000000001a230000):  JavaThread "C2 CompilerThread2" daemon [_thread_in_native, id=12132, stack(0x000000001a9f0000,0x000000001aaf0000)]

Stack: [0x000000001a9f0000,0x000000001aaf0000]
[error occurred during error reporting (printing stack bounds), id 0xc0000005]

Native frames: (J=compiled Java code, j=interpreted, Vv=VM code, C=native code)
V  [jvm.dll+0x32b57a]


Current CompileTask:
C2:   2555  799       4       sun.net.www.ParseUtil::encodePath (336 bytes)


---------------  P R O C E S S  ---------------

Java Threads: ( => current thread )
  0x000000001a499000 JavaThread "ReaderThread" [_thread_in_native, id=15700, stack(0x000000001b5f0000,0x000000001b6f0000)]
  0x000000001a2c2800 JavaThread "Service Thread" daemon [_thread_blocked, id=17988, stack(0x000000001abf0000,0x000000001acf0000)]
  0x000000001a24e800 JavaThread "C1 CompilerThread3" daemon [_thread_blocked, id=17384, stack(0x000000001aaf0000,0x000000001abf0000)]
=>0x000000001a230000 JavaThread "C2 CompilerThread2" daemon [_thread_in_native, id=12132, stack(0x000000001a9f0000,0x000000001aaf0000)]
  0x000000001a223000 JavaThread "C2 CompilerThread1" daemon [_thread_blocked, id=7212, stack(0x000000001a8f0000,0x000000001a9f0000)]
  0x000000001a221000 JavaThread "C2 CompilerThread0" daemon [_thread_blocked, id=152, stack(0x000000001a7f0000,0x000000001a8f0000)]
  0x000000001a219800 JavaThread "Attach Listener" daemon [_thread_blocked, id=18240, stack(0x000000001a6f0000,0x000000001a7f0000)]
  0x000000001822e800 JavaThread "Signal Dispatcher" daemon [_thread_blocked, id=1736, stack(0x000000001a5f0000,0x000000001a6f0000)]
  0x000000000323b000 JavaThread "Finalizer" daemon [_thread_blocked, id=7672, stack(0x000000001a0f0000,0x000000001a1f0000)]
  0x000000001821d800 JavaThread "Reference Handler" daemon [_thread_blocked, id=13652, stack(0x0000000019ff0000,0x000000001a0f0000)]
  0x0000000003142800 JavaThread "main" [_thread_blocked, id=5096, stack(0x0000000002ff0000,0x00000000030f0000)]

Other Threads:
  0x0000000018219000 VMThread [stack: 0x0000000019ef0000,0x0000000019ff0000] [id=5164]
  0x000000001a2c3800 WatcherThread [stack: 0x000000001acf0000,0x000000001adf0000] [id=7908]

VM state:at safepoint (normal execution)

VM Mutex/Monitor currently owned by a thread:  ([mutex/lock_event])
[0x000000000313e430] Threads_lock - owner thread: 0x0000000018219000
[0x000000000313e530] Heap_lock - owner thread: 0x0000000003142800

Heap:
 PSYoungGen      total 38400K, used 16109K [0x00000000d5b00000, 0x00000000d8580000, 0x0000000100000000)
  eden space 33280K, 36% used [0x00000000d5b00000,0x00000000d66cad90,0x00000000d7b80000)
  from space 5120K, 78% used [0x00000000d7b80000,0x00000000d7f70848,0x00000000d8080000)
  to   space 5120K, 37% used [0x00000000d8080000,0x00000000d8261c80,0x00000000d8580000)
 ParOldGen       total 87552K, used 80K [0x0000000081000000, 0x0000000086580000, 0x00000000d5b00000)
  object space 87552K, 0% used [0x0000000081000000,0x0000000081014010,0x0000000086580000)
 Metaspace       used 11640K, capacity 11734K, committed 11776K, reserved 1062912K
  class space    used 1495K, capacity 1523K, committed 1536K, reserved 1048576K

Card table byte_map: [0x0000000012600000,0x0000000012a00000] byte_map_base: 0x00000000121f8000

Marking Bits: (ParMarkBitMap*) 0x0000000053dc4040
 Begin Bits: [0x00000000134b0000, 0x0000000015470000)
 End Bits:   [0x0000000015470000, 0x0000000017430000)

Polling page: 0x0000000001210000

CodeCache: size=245760Kb used=3148Kb max_used=3155Kb free=242611Kb
 bounds [0x0000000003240000, 0x0000000003560000, 0x0000000012240000]
 total_blobs=1134 nmethods=809 adapters=238
 compilation: enabled

Compilation events (10 events):
Event: 2.523 Thread 0x000000001a223000  800       4       java.lang.AbstractStringBuilder::ensureCapacityInternal (16 bytes)
Event: 2.523 Thread 0x000000001a24e800  801       3       java.lang.StringBuilder::append (8 bytes)
Event: 2.523 Thread 0x000000001a24e800 nmethod 801 0x000000000354c690 code [0x000000000354c800, 0x000000000354c988]
Event: 2.523 Thread 0x000000001a24e800  802       3       java.lang.Integer::stringSize (21 bytes)
Event: 2.524 Thread 0x000000001a24e800 nmethod 802 0x000000000354c210 code [0x000000000354c380, 0x000000000354c590]
Event: 2.524 Thread 0x000000001a24e800  803       3       java.lang.Integer::getChars (131 bytes)
Event: 2.525 Thread 0x000000001a24e800 nmethod 803 0x0000000003552a10 code [0x0000000003552ba0, 0x0000000003553010]
Event: 2.526 Thread 0x000000001a221000  804       4       java.lang.CharacterDataLatin1::toUpperCase (53 bytes)
Event: 2.529 Thread 0x000000001a221000 nmethod 804 0x000000000354bf50 code [0x000000000354c080, 0x000000000354c158]
Event: 2.529 Thread 0x000000001a223000 nmethod 800 0x0000000003550b10 code [0x0000000003550c60, 0x0000000003550ef8]

GC Heap History (2 events):
Event: 1.727 GC heap before
{Heap before GC invocations=1 (full 0):
 PSYoungGen      total 38400K, used 33280K [0x00000000d5b00000, 0x00000000d8580000, 0x0000000100000000)
  eden space 33280K, 100% used [0x00000000d5b00000,0x00000000d7b80000,0x00000000d7b80000)
  from space 5120K, 0% used [0x00000000d8080000,0x00000000d8080000,0x00000000d8580000)
  to   space 5120K, 0% used [0x00000000d7b80000,0x00000000d7b80000,0x00000000d8080000)
 ParOldGen       total 87552K, used 0K [0x0000000081000000, 0x0000000086580000, 0x00000000d5b00000)
  object space 87552K, 0% used [0x0000000081000000,0x0000000081000000,0x0000000086580000)
 Metaspace       used 8246K, capacity 8368K, committed 8576K, reserved 1056768K
  class space    used 999K, capacity 1042K, committed 1152K, reserved 1048576K
Event: 1.739 GC heap after
Heap after GC invocations=1 (full 0):
 PSYoungGen      total 38400K, used 4034K [0x00000000d5b00000, 0x00000000d8580000, 0x0000000100000000)
  eden space 33280K, 0% used [0x00000000d5b00000,0x00000000d5b00000,0x00000000d7b80000)
  from space 5120K, 78% used [0x00000000d7b80000,0x00000000d7f70848,0x00000000d8080000)
  to   space 5120K, 0% used [0x00000000d8080000,0x00000000d8080000,0x00000000d8580000)
 ParOldGen       total 87552K, used 8K [0x0000000081000000, 0x0000000086580000, 0x00000000d5b00000)
  object space 87552K, 0% used [0x0000000081000000,0x0000000081002000,0x0000000086580000)
 Metaspace       used 8246K, capacity 8368K, committed 8576K, reserved 1056768K
  class space    used 999K, capacity 1042K, committed 1152K, reserved 1048576K
}

Deoptimization events (6 events):
Event: 0.328 Thread 0x0000000003142800 Uncommon trap: reason=unstable_if action=reinterpret pc=0x0000000003362838 method=java.lang.String.hashCode()I @ 14
Event: 0.915 Thread 0x0000000003142800 Uncommon trap: reason=unstable_if action=reinterpret pc=0x0000000003408198 method=java.math.BigInteger.addOne([IIII)I @ 55
Event: 1.041 Thread 0x0000000003142800 Uncommon trap: reason=unstable_if action=reinterpret pc=0x000000000343affc method=java.util.HashMap.getNode(ILjava/lang/Object;)Ljava/util/HashMap$Node; @ 129
Event: 1.904 Thread 0x0000000003142800 Uncommon trap: reason=null_check action=make_not_entrant pc=0x00000000034023e4 method=java.lang.String.equals(Ljava/lang/Object;)Z @ 8
Event: 2.273 Thread 0x0000000003142800 Uncommon trap: reason=unstable_if action=reinterpret pc=0x00000000034a92e4 method=java.lang.AbstractStringBuilder.append(Ljava/lang/String;)Ljava/lang/AbstractStringBuilder; @ 1
Event: 2.348 Thread 0x0000000003142800 Uncommon trap: reason=predicate action=maybe_recompile pc=0x00000000034a68c8 method=sun.net.www.ParseUtil.encodePath(Ljava/lang/String;Z)Ljava/lang/String; @ 36

Internal exceptions (8 events):
Event: 0.116 Thread 0x0000000003142800 Exception <a 'java/lang/NoSuchMethodError': Method sun.misc.Unsafe.defineClass(Ljava/lang/String;[BII)Ljava/lang/Class; name or signature does not match> (0x00000000d5b0ec20) thrown at [C:\re\workspace\8-2-build-windows-amd64-cygwin\jdk8u45\3627\hotspot\sr-ÚFAK≤Ω?
Event: 0.116 Thread 0x0000000003142800 Exception <a 'java/lang/NoSuchMethodError': Method sun.misc.Unsafe.prefetchRead(Ljava/lang/Object;J)V name or signature does not match> (0x00000000d5b0eeb0) thrown at [C:\re\workspace\8-2-build-windows-amd64-cygwin\jdk8u45\3627\hotspot\src\share\vm\prims\j2}eî—Ê?
Event: 0.713 Thread 0x0000000003142800 Exception <a 'java/security/PrivilegedActionException'> (0x00000000d60855b8) thrown at [C:\re\workspace\8-2-build-windows-amd64-cygwin\jdk8u45\3627\hotspot\src\share\vm\prims\jvm.cpp, line 1382]
Event: 0.713 Thread 0x0000000003142800 Exception <a 'java/security/PrivilegedActionException'> (0x00000000d6085900) thrown at [C:\re\workspace\8-2-build-windows-amd64-cygwin\jdk8u45\3627\hotspot\src\share\vm\prims\jvm.cpp, line 1382]
Event: 0.714 Thread 0x0000000003142800 Exception <a 'java/security/PrivilegedActionException'> (0x00000000d6088618) thrown at [C:\re\workspace\8-2-build-windows-amd64-cygwin\jdk8u45\3627\hotspot\src\share\vm\prims\jvm.cpp, line 1382]
Event: 0.714 Thread 0x0000000003142800 Exception <a 'java/security/PrivilegedActionException'> (0x00000000d6088960) thrown at [C:\re\workspace\8-2-build-windows-amd64-cygwin\jdk8u45\3627\hotspot\src\share\vm\prims\jvm.cpp, line 1382]
Event: 1.904 Thread 0x0000000003142800 Implicit null exception at 0x000000000340221a to 0x00000000034023d5
Event: 2.273 Thread 0x0000000003142800 Implicit null exception at 0x00000000034a8f96 to 0x00000000034a92cd

Events (10 events):
Event: 2.527 loading class org/postgresql/core/SetupQueryRunner
Event: 2.527 loading class org/postgresql/core/SetupQueryRunner done
Event: 2.529 loading class org/postgresql/core/Parser
Event: 2.529 loading class org/postgresql/core/Parser done
Event: 2.531 loading class org/postgresql/core/SetupQueryRunner$SimpleResultHandler
Event: 2.531 loading class org/postgresql/core/SetupQueryRunner$SimpleResultHandler done
Event: 2.532 loading class org/postgresql/core/v3/QueryExecutorImpl$ErrorTrackingResultHandler
Event: 2.532 loading class org/postgresql/core/v3/QueryExecutorImpl$ErrorTrackingResultHandler done
Event: 2.533 loading class org/postgresql/core/v3/ExecuteRequest
Event: 2.533 loading class org/postgresql/core/v3/ExecuteRequest done


Dynamic libraries:
0x00007ff6dd2b0000 - 0x00007ff6dd2e7000 	D:\WORKSPACE\INSTALLATIONS\JDK8\bin\javaw.exe
0x00007ffee2240000 - 0x00007ffee2430000 	C:\WINDOWS\SYSTEM32\ntdll.dll
0x00007ffee1a90000 - 0x00007ffee1b42000 	C:\WINDOWS\System32\KERNEL32.DLL
0x00007ffedf4f0000 - 0x00007ffedf794000 	C:\WINDOWS\System32\KERNELBASE.dll
0x00007ffee05e0000 - 0x00007ffee0683000 	C:\WINDOWS\System32\ADVAPI32.dll
0x00007ffee1160000 - 0x00007ffee11fe000 	C:\WINDOWS\System32\msvcrt.dll
0x00007ffee1200000 - 0x00007ffee1297000 	C:\WINDOWS\System32\sechost.dll
0x00007ffee03c0000 - 0x00007ffee04e0000 	C:\WINDOWS\System32\RPCRT4.dll
0x00007ffee1450000 - 0x00007ffee15e4000 	C:\WINDOWS\System32\USER32.dll
0x00007ffee02c0000 - 0x00007ffee02e1000 	C:\WINDOWS\System32\win32u.dll
0x00007ffee21d0000 - 0x00007ffee21f6000 	C:\WINDOWS\System32\GDI32.dll
0x00007ffedf2d0000 - 0x00007ffedf465000 	C:\WINDOWS\System32\gdi32full.dll
0x00007ffedfaa0000 - 0x00007ffedfb3e000 	C:\WINDOWS\System32\msvcp_win.dll
0x00007ffedf7a0000 - 0x00007ffedf89a000 	C:\WINDOWS\System32\ucrtbase.dll
0x00007ffede510000 - 0x00007ffede794000 	C:\WINDOWS\WinSxS\amd64_microsoft.windows.common-controls_6595b64144ccf1df_6.0.18362.900_none_e6beb9d913147d17\COMCTL32.dll
0x00007ffee15f0000 - 0x00007ffee1925000 	C:\WINDOWS\System32\combase.dll
0x00007ffedf8a0000 - 0x00007ffedf920000 	C:\WINDOWS\System32\bcryptPrimitives.dll
0x00007ffee05b0000 - 0x00007ffee05de000 	C:\WINDOWS\System32\IMM32.DLL
0x0000000053410000 - 0x00000000534e2000 	D:\WORKSPACE\INSTALLATIONS\JDK8\bin\msvcr100.dll
0x00000000535c0000 - 0x0000000053e43000 	D:\WORKSPACE\INSTALLATIONS\JDK8\bin\server\jvm.dll
0x00007ffee07d0000 - 0x00007ffee07d8000 	C:\WINDOWS\System32\PSAPI.DLL
0x00007ffecb430000 - 0x00007ffecb43a000 	C:\WINDOWS\SYSTEM32\VERSION.dll
0x00007ffecb400000 - 0x00007ffecb409000 	C:\WINDOWS\SYSTEM32\WSOCK32.dll
0x00007ffedaa50000 - 0x00007ffedaa74000 	C:\WINDOWS\SYSTEM32\WINMM.dll
0x00007ffee04e0000 - 0x00007ffee054f000 	C:\WINDOWS\System32\WS2_32.dll
0x00007ffedaa20000 - 0x00007ffedaa4d000 	C:\WINDOWS\SYSTEM32\WINMMBASE.dll
0x00007ffedf1d0000 - 0x00007ffedf21a000 	C:\WINDOWS\System32\cfgmgr32.dll
0x00000000535b0000 - 0x00000000535bf000 	D:\WORKSPACE\INSTALLATIONS\JDK8\bin\verify.dll
0x0000000053580000 - 0x00000000535a9000 	D:\WORKSPACE\INSTALLATIONS\JDK8\bin\java.dll
0x0000000053560000 - 0x0000000053576000 	D:\WORKSPACE\INSTALLATIONS\JDK8\bin\zip.dll
0x00007ffee07e0000 - 0x00007ffee0ec6000 	C:\WINDOWS\System32\SHELL32.dll
0x00007ffee0fa0000 - 0x00007ffee1049000 	C:\WINDOWS\System32\shcore.dll
0x00007ffedfb40000 - 0x00007ffee02c0000 	C:\WINDOWS\System32\windows.storage.dll
0x00007ffedf1a0000 - 0x00007ffedf1c3000 	C:\WINDOWS\System32\profapi.dll
0x00007ffedf150000 - 0x00007ffedf19a000 	C:\WINDOWS\System32\powrprof.dll
0x00007ffedf100000 - 0x00007ffedf110000 	C:\WINDOWS\System32\UMPDC.dll
0x00007ffee0f40000 - 0x00007ffee0f92000 	C:\WINDOWS\System32\shlwapi.dll
0x00007ffedf130000 - 0x00007ffedf141000 	C:\WINDOWS\System32\kernel.appcore.dll
0x00007ffedf470000 - 0x00007ffedf487000 	C:\WINDOWS\System32\cryptsp.dll
0x0000000053540000 - 0x000000005355a000 	D:\WORKSPACE\INSTALLATIONS\JDK8\bin\net.dll
0x00007ffede290000 - 0x00007ffede2f7000 	C:\WINDOWS\system32\mswsock.dll
0x00007ffede030000 - 0x00007ffede0fb000 	C:\WINDOWS\SYSTEM32\DNSAPI.dll
0x00007ffee1c80000 - 0x00007ffee1c88000 	C:\WINDOWS\System32\NSI.dll
0x00007ffeddfa0000 - 0x00007ffeddfda000 	C:\WINDOWS\SYSTEM32\IPHLPAPI.DLL
0x00007ffed78f0000 - 0x00007ffed78fa000 	C:\Windows\System32\rasadhlp.dll
0x00007ffed7990000 - 0x00007ffed7a07000 	C:\WINDOWS\System32\fwpuclnt.dll
0x00007ffedf920000 - 0x00007ffedf946000 	C:\WINDOWS\System32\bcrypt.dll
0x00007ffedeb00000 - 0x00007ffedecf4000 	C:\WINDOWS\SYSTEM32\dbghelp.dll

VM Arguments:
jvm_args: -ea -Dfile.encoding=Cp1252 
java_command: org.eclipse.jdt.internal.junit.runner.RemoteTestRunner -version 3 -port 8547 -testLoaderClass org.eclipse.jdt.internal.junit4.runner.JUnit4TestLoader -loaderpluginname org.eclipse.jdt.junit4.runtime -test com.farbig.practice.entity.testcases.OneToOneTestCases:test4_UNIO2OJT
java_class_path (initial): D:\WORKSPACE\PROJECTS\ECLIPSE WS\PREP2020\PERSISTENCE\HIBERNATE_4.3\bin;D:\WORKSPACE\PROJECTS\REPOSITORIES\LIBRARIES\HIBERNATE\hibernate-release-4.3.11.Final\lib\optional\ehcache\ehcache-core-2.4.3.jar;D:\WORKSPACE\PROJECTS\REPOSITORIES\LIBRARIES\HIBERNATE\hibernate-release-4.3.11.Final\lib\optional\ehcache\hibernate-ehcache-4.3.11.Final.jar;D:\WORKSPACE\PROJECTS\REPOSITORIES\LIBRARIES\HIBERNATE\hibernate-release-4.3.11.Final\lib\optional\ehcache\slf4j-api-1.6.1.jar;D:\WORKSPACE\PROJECTS\REPOSITORIES\LIBRARIES\HIBERNATE\hibernate-release-4.3.11.Final\lib\required\antlr-2.7.7.jar;D:\WORKSPACE\PROJECTS\REPOSITORIES\LIBRARIES\HIBERNATE\hibernate-release-4.3.11.Final\lib\required\dom4j-1.6.1.jar;D:\WORKSPACE\PROJECTS\REPOSITORIES\LIBRARIES\HIBERNATE\hibernate-release-4.3.11.Final\lib\required\hibernate-commons-annotations-4.0.5.Final.jar;D:\WORKSPACE\PROJECTS\REPOSITORIES\LIBRARIES\HIBERNATE\hibernate-release-4.3.11.Final\lib\required\hibernate-core-4.3.11.Final.jar;D:\WORKSPACE\PROJECTS\REPOSITORIES\LIBRARIES\HIBERNATE\hibernate-release-4.3.11.Final\lib\required\hibernate-jpa-2.1-api-1.0.0.Final.jar;D:\WORKSPACE\PROJECTS\REPOSITORIES\LIBRARIES\HIBERNATE\hibernate-release-4.3.11.Final\lib\required\jandex-1.1.0.Final.jar;D:\WORKSPACE\PROJECTS\REPOSITORIES\LIBRARIES\HIBERNATE\hibernate-release-4.3.11.Final\lib\required\javassist-3.18.1-GA.jar;D:\WORKSPACE\PROJECTS\REPOSITORIES\LIBRARIES\HIBERNATE\hibernate-release-4.3.11.Final\lib\required\jboss-logging-3.1.3.GA.jar;D:\WORKSPACE\PROJECTS\REPOSITORIES\LIBRARIES\HIBERNATE\hibernate-release-4.3.11.Final\lib\required\jboss-logging-annotations-1.2.0.Beta1.jar;D:\WORKSPACE\PROJECTS\REPOSITORIES\LIBRARIES\HIBERNATE\hibernate-release-4.3.11.Final\lib\required\jboss-transaction-api_1.2_spec-1.0.0.Final.jar;D:\WORKSPACE\PROJECTS\REPOSITORIES\LIBRARIES\POSTGRESQL\postgresql-9.4-1204.jdbc4.jar;D:\WORKSPACE\INSTALLATIONS\eclipse\plugins\org.junit_4.13.0.v20200204-1500.jar;D:\WORKSPACE\INSTALLATIONS\eclipse
Launcher Type: SUN_STANDARD

Environment Variables:
CLASSPATH=D:\WORKSPACE\INSTALLATIONS\ORACLE_HOME\wlserver\modules\features\weblogic.server.merger.jar;D:\WORKSPACE\INSTALLATIONS\apache-ant-1.9.15\lib\svnant-1.3.jar
PATH=D:/WORKSPACE/INSTALLATIONS/JDK8/bin/server;D:/WORKSPACE/INSTALLATIONS/JDK8/bin;D:/WORKSPACE/INSTALLATIONS/JDK8/lib/amd64;D:\WORKSPACE\INSTALLATIONS\JDK8\bin;C:\Program Files\Microsoft MPI\Bin\;C:\PROGRAM FILES (X86)\INTEL\ICLS CLIENT\;C:\PROGRAM FILES\INTEL\ICLS CLIENT\;C:\WINDOWS\SYSTEM32;C:\WINDOWS;C:\WINDOWS\SYSTEM32\WBEM;C:\WINDOWS\SYSTEM32\WINDOWSPOWERSHELL\V1.0\;C:\PROGRAM FILES (X86)\WINDOWS LIVE\SHARED;C:\PROGRAM FILES\INTEL\INTEL(R) MANAGEMENT ENGINE COMPONENTS\DAL;C:\PROGRAM FILES\INTEL\INTEL(R) MANAGEMENT ENGINE COMPONENTS\IPT;C:\PROGRAM FILES (X86)\INTEL\INTEL(R) MANAGEMENT ENGINE COMPONENTS\DAL;C:\PROGRAM FILES (X86)\INTEL\INTEL(R) MANAGEMENT ENGINE COMPONENTS\IPT;C:\PROGRAM FILES (X86)\GOOGLE\GOOGLE APPS SYNC\;C:\ADB;C:\WINDOWS\system32;C:\WINDOWS;C:\WINDOWS\System32\Wbem;C:\WINDOWS\System32\WindowsPowerShell\v1.0\;C:\Program Files (x86)\Common Files\lenovo\easyplussdk\bin;C:\Android;C:\Windows\System32;C:\WINDOWS\System32\OpenSSH\;C:\Program Files\Hewlett-Packard\SimplePass\;D:\WORKSPACE\INSTALLATIONS\PostgreSQL\bin;D:\WORKSPACE\INSTALLATIONS\SVN\bin;D:\WORKSPACE\PROJECTS\REPOSITORIES\1-TARANG PROJECTS\ANT-1.6.5\bin;C:\Program Files\nodejs\;D:\WORKSPACE\INSTALLATIONS\GRADLE\gradle-6.5\bin;C:\Users\HARRHY\AppData\Local\Microsoft\WindowsApps;C:\Users\HARRHY\AppData\Roaming\Dashlane\4.6.8.25848\bin\Firefox_Extension\{442718d9-475e-452a-b3e1-fb1ee16b8e9f}\components;D:\WORKSPACE\INSTALLATIONS\apache-ant-1.9.15\bin;C:\Users\HARRHY\AppData\Roaming\npm;D:\WORKSPACE\INSTALLATIONS\ECLIPSE_JEE_2020_03\eclipse;
USERNAME=HARRHY
OS=Windows_NT
PROCESSOR_IDENTIFIER=Intel64 Family 6 Model 60 Stepping 3, GenuineIntel



---------------  S Y S T E M  ---------------

OS: Windows 10.0 , 64 bit Build 18362 (10.0.18362.900)

CPU:total 8 (4 cores per cpu, 2 threads per core) family 6 model 60 stepping 3, cmov, cx8, fxsr, mmx, sse, sse2, sse3, ssse3, sse4.1, sse4.2, popcnt, avx, avx2, aes, clmul, erms, lzcnt, ht, tsc, tscinvbit, bmi1, bmi2

Memory: 4k page, physical 8319000k(839980k free), swap 13020184k(5140k free)

vm_info: Java HotSpot(TM) 64-Bit Server VM (25.45-b02) for windows-amd64 JRE (1.8.0_45-b15), built on Apr 30 2015 12:40:44 by "java_re" with MS VC++ 10.0 (VS2010)

time: Tue Jun 23 19:03:59 2020
elapsed time: 2 seconds (0d 0h 0m 2s)

