#
# There is insufficient memory for the Java Runtime Environment to continue.
# Native memory allocation (malloc) failed to allocate 688016 bytes for Chunk::new
# Possible reasons:
#   The system is out of physical RAM or swap space
#   In 32 bit mode, the process size limit was hit
# Possible solutions:
#   Reduce memory load on the system
#   Increase physical memory or swap space
#   Check if swap backing store is full
#   Use 64 bit Java on a 64 bit OS
#   Decrease Java heap size (-Xmx/-Xms)
#   Decrease number of Java threads
#   Decrease Java thread stack sizes (-Xss)
#   Set larger code cache with -XX:ReservedCodeCacheSize=
# This output file may be truncated or incomplete.
#
#  Out of Memory Error (allocation.cpp:390), pid=9792, tid=5664
#
# JRE version: Java(TM) SE Runtime Environment (8.0_45-b15) (build 1.8.0_45-b15)
# Java VM: Java HotSpot(TM) 64-Bit Server VM (25.45-b02 mixed mode windows-amd64 compressed oops)
# Failed to write core dump. Minidumps are not enabled by default on client versions of Windows
#

---------------  T H R E A D  ---------------

Current thread (0x000000001945a000):  JavaThread "C2 CompilerThread2" daemon [_thread_in_native, id=5664, stack(0x0000000019c20000,0x0000000019d20000)]

Stack: [0x0000000019c20000,0x0000000019d20000]
Native frames: (J=compiled Java code, j=interpreted, Vv=VM code, C=native code)
V  [jvm.dll+0x32b57a]


Current CompileTask:
C2:   5979 1362       4      
[error occurred during error reporting (printing current compile task), id 0xe0000001]


---------------  P R O C E S S  ---------------

Java Threads: ( => current thread )
  0x000000001a571000 JavaThread "pool-1-thread-1" [_thread_blocked, id=17748, stack(0x000000001c030000,0x000000001c130000)]
  0x00000000196f2800 JavaThread "ReaderThread" [_thread_in_native, id=15732, stack(0x000000001a820000,0x000000001a920000)]
  0x00000000194ee800 JavaThread "Service Thread" daemon [_thread_blocked, id=9872, stack(0x0000000019e20000,0x0000000019f20000)]
  0x000000001945c800 JavaThread "C1 CompilerThread3" daemon [_thread_blocked, id=14180, stack(0x0000000019d20000,0x0000000019e20000)]
=>0x000000001945a000 JavaThread "C2 CompilerThread2" daemon [_thread_in_native, id=5664, stack(0x0000000019c20000,0x0000000019d20000)]
  0x0000000019456000 JavaThread "C2 CompilerThread1" daemon [_thread_blocked, id=14400, stack(0x0000000019b20000,0x0000000019c20000)]
  0x0000000019451000 JavaThread "C2 CompilerThread0" daemon [_thread_in_native, id=12836, stack(0x0000000019a20000,0x0000000019b20000)]
  0x000000001944b000 JavaThread "Attach Listener" daemon [_thread_blocked, id=15864, stack(0x0000000019920000,0x0000000019a20000)]
  0x000000001944a000 JavaThread "Signal Dispatcher" daemon [_thread_blocked, id=4856, stack(0x0000000019820000,0x0000000019920000)]
  0x000000000245b800 JavaThread "Finalizer" daemon [_thread_blocked, id=3052, stack(0x0000000019320000,0x0000000019420000)]
  0x000000001743d800 JavaThread "Reference Handler" daemon [_thread_blocked, id=14116, stack(0x0000000019220000,0x0000000019320000)]
  0x0000000002362800 JavaThread "main" [_thread_in_vm, id=11188, stack(0x0000000002240000,0x0000000002340000)]

Other Threads:
  0x0000000017439000 VMThread [stack: 0x0000000019120000,0x0000000019220000] [id=7876]
  0x00000000194ef800 WatcherThread [stack: 0x0000000019f20000,0x000000001a020000] [id=6700]

VM state:not at safepoint (normal execution)

VM Mutex/Monitor currently owned by a thread: None

Heap:
 PSYoungGen      total 38400K, used 25025K [0x00000000d5b00000, 0x00000000d8580000, 0x0000000100000000)
  eden space 33280K, 59% used [0x00000000d5b00000,0x00000000d6e73330,0x00000000d7b80000)
  from space 5120K, 99% used [0x00000000d8080000,0x00000000d857d360,0x00000000d8580000)
  to   space 5120K, 0% used [0x00000000d7b80000,0x00000000d7b80000,0x00000000d8080000)
 ParOldGen       total 87552K, used 2707K [0x0000000081000000, 0x0000000086580000, 0x00000000d5b00000)
  object space 87552K, 3% used [0x0000000081000000,0x00000000812a4f88,0x0000000086580000)
 Metaspace       used 19200K, capacity 19394K, committed 19584K, reserved 1067008K
  class space    used 2509K, capacity 2579K, committed 2688K, reserved 1048576K

Card table byte_map: [0x0000000011820000,0x0000000011c20000] byte_map_base: 0x0000000011418000

Marking Bits: (ParMarkBitMap*) 0x0000000053dc4040
 Begin Bits: [0x00000000126d0000, 0x0000000014690000)
 End Bits:   [0x0000000014690000, 0x0000000016650000)

Polling page: 0x0000000000550000

CodeCache: size=245760Kb used=4308Kb max_used=4317Kb free=241451Kb
 bounds [0x0000000002460000, 0x00000000028a0000, 0x0000000011460000]
 total_blobs=1790 nmethods=1364 adapters=339
 compilation: enabled

Compilation events (10 events):
Event: 5.844 Thread 0x000000001945c800 nmethod 1360 0x0000000002894f50 code [0x0000000002895240, 0x0000000002896c78]
Event: 5.857 Thread 0x000000001945c800 1361       3       sun.reflect.MagicAccessorImpl::<init> (5 bytes)
Event: 5.857 Thread 0x000000001945c800 nmethod 1361 0x0000000002893090 code [0x00000000028931e0, 0x0000000002893390]
Event: 5.869 Thread 0x000000001945a000 1362       4       java.net.URLStreamHandler::parseURL (1158 bytes)
Event: 5.883 Thread 0x000000001945c800 1363       3       java.util.Locale::getLanguage (8 bytes)
Event: 5.883 Thread 0x000000001945c800 nmethod 1363 0x0000000002892810 code [0x0000000002892960, 0x0000000002892b50]
Event: 5.898 Thread 0x000000001945c800 1364       3       java.util.logging.LogManager$LogNode::<init> (15 bytes)
Event: 5.899 Thread 0x000000001945c800 nmethod 1364 0x0000000002892450 code [0x00000000028925a0, 0x0000000002892770]
Event: 5.932 Thread 0x0000000019456000 1365       4       java.util.zip.ZipFile::ensureOpen (37 bytes)
Event: 5.934 Thread 0x0000000019456000 nmethod 1365 0x0000000002890cd0 code [0x0000000002890e00, 0x0000000002890e98]

GC Heap History (4 events):
Event: 2.023 GC heap before
{Heap before GC invocations=1 (full 0):
 PSYoungGen      total 38400K, used 33280K [0x00000000d5b00000, 0x00000000d8580000, 0x0000000100000000)
  eden space 33280K, 100% used [0x00000000d5b00000,0x00000000d7b80000,0x00000000d7b80000)
  from space 5120K, 0% used [0x00000000d8080000,0x00000000d8080000,0x00000000d8580000)
  to   space 5120K, 0% used [0x00000000d7b80000,0x00000000d7b80000,0x00000000d8080000)
 ParOldGen       total 87552K, used 0K [0x0000000081000000, 0x0000000086580000, 0x00000000d5b00000)
  object space 87552K, 0% used [0x0000000081000000,0x0000000081000000,0x0000000086580000)
 Metaspace       used 8260K, capacity 8368K, committed 8576K, reserved 1056768K
  class space    used 993K, capacity 1042K, committed 1152K, reserved 1048576K
Event: 2.039 GC heap after
Heap after GC invocations=1 (full 0):
 PSYoungGen      total 38400K, used 3989K [0x00000000d5b00000, 0x00000000d8580000, 0x0000000100000000)
  eden space 33280K, 0% used [0x00000000d5b00000,0x00000000d5b00000,0x00000000d7b80000)
  from space 5120K, 77% used [0x00000000d7b80000,0x00000000d7f65498,0x00000000d8080000)
  to   space 5120K, 0% used [0x00000000d8080000,0x00000000d8080000,0x00000000d8580000)
 ParOldGen       total 87552K, used 8K [0x0000000081000000, 0x0000000086580000, 0x00000000d5b00000)
  object space 87552K, 0% used [0x0000000081000000,0x0000000081002000,0x0000000086580000)
 Metaspace       used 8260K, capacity 8368K, committed 8576K, reserved 1056768K
  class space    used 993K, capacity 1042K, committed 1152K, reserved 1048576K
}
Event: 4.116 GC heap before
{Heap before GC invocations=2 (full 0):
 PSYoungGen      total 38400K, used 37269K [0x00000000d5b00000, 0x00000000d8580000, 0x0000000100000000)
  eden space 33280K, 100% used [0x00000000d5b00000,0x00000000d7b80000,0x00000000d7b80000)
  from space 5120K, 77% used [0x00000000d7b80000,0x00000000d7f65498,0x00000000d8080000)
  to   space 5120K, 0% used [0x00000000d8080000,0x00000000d8080000,0x00000000d8580000)
 ParOldGen       total 87552K, used 8K [0x0000000081000000, 0x0000000086580000, 0x00000000d5b00000)
  object space 87552K, 0% used [0x0000000081000000,0x0000000081002000,0x0000000086580000)
 Metaspace       used 15788K, capacity 15906K, committed 16256K, reserved 1062912K
  class space    used 2067K, capacity 2101K, committed 2176K, reserved 1048576K
Event: 4.144 GC heap after
Heap after GC invocations=2 (full 0):
 PSYoungGen      total 38400K, used 5108K [0x00000000d5b00000, 0x00000000d8580000, 0x0000000100000000)
  eden space 33280K, 0% used [0x00000000d5b00000,0x00000000d5b00000,0x00000000d7b80000)
  from space 5120K, 99% used [0x00000000d8080000,0x00000000d857d360,0x00000000d8580000)
  to   space 5120K, 0% used [0x00000000d7b80000,0x00000000d7b80000,0x00000000d8080000)
 ParOldGen       total 87552K, used 2707K [0x0000000081000000, 0x0000000086580000, 0x00000000d5b00000)
  object space 87552K, 3% used [0x0000000081000000,0x00000000812a4f88,0x0000000086580000)
 Metaspace       used 15788K, capacity 15906K, committed 16256K, reserved 1062912K
  class space    used 2067K, capacity 2101K, committed 2176K, reserved 1048576K
}

Deoptimization events (10 events):
Event: 3.254 Thread 0x0000000002362800 Uncommon trap: reason=class_check action=maybe_recompile pc=0x00000000027395dc method=java.util.HashMap.putVal(ILjava/lang/Object;Ljava/lang/Object;ZZ)Ljava/lang/Object; @ 203
Event: 3.276 Thread 0x0000000002362800 Uncommon trap: reason=range_check action=make_not_entrant pc=0x00000000027935e0 method=sun.reflect.generics.parser.SignatureParser.current()C @ 34
Event: 3.582 Thread 0x0000000002362800 Uncommon trap: reason=unstable_if action=reinterpret pc=0x00000000027a57ec method=java.lang.String.regionMatches(ZILjava/lang/String;II)Z @ 123
Event: 3.582 Thread 0x0000000002362800 Uncommon trap: reason=unstable_if action=reinterpret pc=0x00000000027b47cc method=java.lang.String.regionMatches(ZILjava/lang/String;II)Z @ 123
Event: 3.598 Thread 0x0000000002362800 Uncommon trap: reason=class_check action=maybe_recompile pc=0x00000000027395dc method=java.util.HashMap.putVal(ILjava/lang/Object;Ljava/lang/Object;ZZ)Ljava/lang/Object; @ 203
Event: 4.330 Thread 0x0000000002362800 Uncommon trap: reason=unstable_if action=reinterpret pc=0x00000000027395a0 method=java.util.HashMap.putVal(ILjava/lang/Object;Ljava/lang/Object;ZZ)Ljava/lang/Object; @ 162
Event: 4.331 Thread 0x0000000002362800 Uncommon trap: reason=unstable_if action=reinterpret pc=0x0000000002657c50 method=java.util.HashMap.getNode(ILjava/lang/Object;)Ljava/util/HashMap$Node; @ 84
Event: 4.332 Thread 0x0000000002362800 Uncommon trap: reason=unstable_if action=reinterpret pc=0x000000000271a150 method=java.util.HashMap.putVal(ILjava/lang/Object;Ljava/lang/Object;ZZ)Ljava/lang/Object; @ 109
Event: 4.335 Thread 0x0000000002362800 Uncommon trap: reason=unstable_if action=reinterpret pc=0x00000000027df0d0 method=java.util.HashMap.resize()[Ljava/util/HashMap$Node; @ 206
Event: 5.205 Thread 0x0000000002362800 Uncommon trap: reason=unstable_if action=reinterpret pc=0x00000000026fae20 method=java.io.WinNTFileSystem.normalize(Ljava/lang/String;)Ljava/lang/String; @ 128

Internal exceptions (10 events):
Event: 1.222 Thread 0x0000000002362800 Exception <a 'java/security/PrivilegedActionException'> (0x00000000d644fca8) thrown at [C:\re\workspace\8-2-build-windows-amd64-cygwin\jdk8u45\3627\hotspot\src\share\vm\prims\jvm.cpp, line 1382]
Event: 1.222 Thread 0x0000000002362800 Exception <a 'java/security/PrivilegedActionException'> (0x00000000d644fff0) thrown at [C:\re\workspace\8-2-build-windows-amd64-cygwin\jdk8u45\3627\hotspot\src\share\vm\prims\jvm.cpp, line 1382]
Event: 2.180 Thread 0x0000000002362800 Implicit null exception at 0x000000000262405a to 0x000000000262420d
Event: 2.540 Thread 0x0000000002362800 Implicit null exception at 0x00000000026bc597 to 0x00000000026bc919
Event: 2.831 Thread 0x0000000002362800 Exception <a 'java/lang/NullPointerException'> (0x00000000d67cdbe8) thrown at [C:\re\workspace\8-2-build-windows-amd64-cygwin\jdk8u45\3627\hotspot\src\share\vm\runtime\reflection.cpp, line 921]
Event: 2.831 Thread 0x0000000002362800 Implicit null exception at 0x000000000268cc56 to 0x000000000268cf7d
Event: 3.098 Thread 0x0000000002362800 Exception <a 'java/lang/reflect/InvocationTargetException'> (0x00000000d6a20c30) thrown at [C:\re\workspace\8-2-build-windows-amd64-cygwin\jdk8u45\3627\hotspot\src\share\vm\runtime\reflection.cpp, line 1080]
Event: 3.276 Thread 0x0000000002362800 Exception <a 'java/lang/ArrayIndexOutOfBoundsException': 18> (0x00000000d6cc02e0) thrown at [C:\re\workspace\8-2-build-windows-amd64-cygwin\jdk8u45\3627\hotspot\src\share\vm\interpreter\interpreterRuntime.cpp, line 366]
Event: 4.237 Thread 0x0000000002362800 Exception <a 'java/lang/NoSuchFieldError': method resolution failed> (0x00000000d5c4a240) thrown at [C:\re\workspace\8-2-build-windows-amd64-cygwin\jdk8u45\3627\hotspot\src\share\vm\prims\methodHandles.cpp, line 1125]
Event: 4.242 Thread 0x0000000002362800 Exception <a 'java/lang/NoSuchFieldError': method resolution failed> (0x00000000d5c58ec0) thrown at [C:\re\workspace\8-2-build-windows-amd64-cygwin\jdk8u45\3627\hotspot\src\share\vm\prims\methodHandles.cpp, line 1125]

Events (10 events):
Event: 5.933 loading class org/hibernate/id/enhanced/LegacyHiLoAlgorithmOptimizer$GenerationState
Event: 5.933 loading class org/hibernate/id/enhanced/LegacyHiLoAlgorithmOptimizer$GenerationState done
Event: 5.934 loading class org/hibernate/engine/jdbc/internal/StatementPreparerImpl
Event: 5.934 loading class org/hibernate/engine/jdbc/internal/StatementPreparerImpl done
Event: 5.936 loading class org/hibernate/engine/jdbc/internal/StatementPreparerImpl$StatementPreparationTemplate
Event: 5.936 loading class org/hibernate/engine/jdbc/internal/StatementPreparerImpl$StatementPreparationTemplate done
Event: 5.937 loading class org/hibernate/engine/jdbc/internal/StatementPreparerImpl$1
Event: 5.937 loading class org/hibernate/engine/jdbc/internal/StatementPreparerImpl$1 done
Event: 5.938 loading class org/hibernate/engine/jdbc/internal/ResultSetReturnImpl
Event: 5.938 loading class org/hibernate/engine/jdbc/internal/ResultSetReturnImpl done


Dynamic libraries:
0x00007ff6dd2b0000 - 0x00007ff6dd2e7000 	D:\WORKSPACE\INSTALLATIONS\JDK8\bin\javaw.exe
0x00007ffee2240000 - 0x00007ffee2430000 	C:\WINDOWS\SYSTEM32\ntdll.dll
0x00007ffee1a90000 - 0x00007ffee1b42000 	C:\WINDOWS\System32\KERNEL32.DLL
0x00007ffedf4f0000 - 0x00007ffedf794000 	C:\WINDOWS\System32\KERNELBASE.dll
0x00007ffee05e0000 - 0x00007ffee0683000 	C:\WINDOWS\System32\ADVAPI32.dll
0x00007ffee1160000 - 0x00007ffee11fe000 	C:\WINDOWS\System32\msvcrt.dll
0x00007ffee1200000 - 0x00007ffee1297000 	C:\WINDOWS\System32\sechost.dll
0x00007ffee03c0000 - 0x00007ffee04e0000 	C:\WINDOWS\System32\RPCRT4.dll
0x00007ffee1450000 - 0x00007ffee15e4000 	C:\WINDOWS\System32\USER32.dll
0x00007ffee02c0000 - 0x00007ffee02e1000 	C:\WINDOWS\System32\win32u.dll
0x00007ffee21d0000 - 0x00007ffee21f6000 	C:\WINDOWS\System32\GDI32.dll
0x00007ffedf2d0000 - 0x00007ffedf465000 	C:\WINDOWS\System32\gdi32full.dll
0x00007ffedfaa0000 - 0x00007ffedfb3e000 	C:\WINDOWS\System32\msvcp_win.dll
0x00007ffedf7a0000 - 0x00007ffedf89a000 	C:\WINDOWS\System32\ucrtbase.dll
0x00007ffede510000 - 0x00007ffede794000 	C:\WINDOWS\WinSxS\amd64_microsoft.windows.common-controls_6595b64144ccf1df_6.0.18362.900_none_e6beb9d913147d17\COMCTL32.dll
0x00007ffee15f0000 - 0x00007ffee1925000 	C:\WINDOWS\System32\combase.dll
0x00007ffedf8a0000 - 0x00007ffedf920000 	C:\WINDOWS\System32\bcryptPrimitives.dll
0x00007ffee05b0000 - 0x00007ffee05de000 	C:\WINDOWS\System32\IMM32.DLL
0x0000000053410000 - 0x00000000534e2000 	D:\WORKSPACE\INSTALLATIONS\JDK8\bin\msvcr100.dll
0x00000000535c0000 - 0x0000000053e43000 	D:\WORKSPACE\INSTALLATIONS\JDK8\bin\server\jvm.dll
0x00007ffee07d0000 - 0x00007ffee07d8000 	C:\WINDOWS\System32\PSAPI.DLL
0x00007ffecb400000 - 0x00007ffecb409000 	C:\WINDOWS\SYSTEM32\WSOCK32.dll
0x00007ffecb430000 - 0x00007ffecb43a000 	C:\WINDOWS\SYSTEM32\VERSION.dll
0x00007ffedaa50000 - 0x00007ffedaa74000 	C:\WINDOWS\SYSTEM32\WINMM.dll
0x00007ffee04e0000 - 0x00007ffee054f000 	C:\WINDOWS\System32\WS2_32.dll
0x00007ffedaa20000 - 0x00007ffedaa4d000 	C:\WINDOWS\SYSTEM32\winmmbase.dll
0x00007ffedf1d0000 - 0x00007ffedf21a000 	C:\WINDOWS\System32\cfgmgr32.dll
0x00000000535b0000 - 0x00000000535bf000 	D:\WORKSPACE\INSTALLATIONS\JDK8\bin\verify.dll
0x0000000053580000 - 0x00000000535a9000 	D:\WORKSPACE\INSTALLATIONS\JDK8\bin\java.dll
0x0000000053560000 - 0x0000000053576000 	D:\WORKSPACE\INSTALLATIONS\JDK8\bin\zip.dll
0x00007ffee07e0000 - 0x00007ffee0ec6000 	C:\WINDOWS\System32\SHELL32.dll
0x00007ffee0fa0000 - 0x00007ffee1049000 	C:\WINDOWS\System32\shcore.dll
0x00007ffedfb40000 - 0x00007ffee02c0000 	C:\WINDOWS\System32\windows.storage.dll
0x00007ffedf1a0000 - 0x00007ffedf1c3000 	C:\WINDOWS\System32\profapi.dll
0x00007ffedf150000 - 0x00007ffedf19a000 	C:\WINDOWS\System32\powrprof.dll
0x00007ffedf100000 - 0x00007ffedf110000 	C:\WINDOWS\System32\UMPDC.dll
0x00007ffee0f40000 - 0x00007ffee0f92000 	C:\WINDOWS\System32\shlwapi.dll
0x00007ffedf130000 - 0x00007ffedf141000 	C:\WINDOWS\System32\kernel.appcore.dll
0x00007ffedf470000 - 0x00007ffedf487000 	C:\WINDOWS\System32\cryptsp.dll
0x0000000053540000 - 0x000000005355a000 	D:\WORKSPACE\INSTALLATIONS\JDK8\bin\net.dll
0x00007ffede290000 - 0x00007ffede2f7000 	C:\WINDOWS\system32\mswsock.dll
0x00007ffede030000 - 0x00007ffede0fb000 	C:\WINDOWS\SYSTEM32\DNSAPI.dll
0x00007ffee1c80000 - 0x00007ffee1c88000 	C:\WINDOWS\System32\NSI.dll
0x00007ffeddfa0000 - 0x00007ffeddfda000 	C:\WINDOWS\SYSTEM32\IPHLPAPI.DLL
0x00007ffed78f0000 - 0x00007ffed78fa000 	C:\Windows\System32\rasadhlp.dll
0x00007ffed7990000 - 0x00007ffed7a07000 	C:\WINDOWS\System32\fwpuclnt.dll
0x00007ffedf920000 - 0x00007ffedf946000 	C:\WINDOWS\System32\bcrypt.dll
0x00007ffedde00000 - 0x00007ffedde33000 	C:\WINDOWS\system32\rsaenh.dll
0x00007ffedf020000 - 0x00007ffedf045000 	C:\WINDOWS\SYSTEM32\USERENV.dll
0x00007ffede480000 - 0x00007ffede48c000 	C:\WINDOWS\SYSTEM32\CRYPTBASE.dll
0x00007ffed7920000 - 0x00007ffed7936000 	C:\WINDOWS\SYSTEM32\dhcpcsvc6.DLL
0x00007ffed7900000 - 0x00007ffed791c000 	C:\WINDOWS\SYSTEM32\dhcpcsvc.DLL
0x0000000053520000 - 0x0000000053531000 	D:\WORKSPACE\INSTALLATIONS\JDK8\bin\nio.dll

VM Arguments:
jvm_args: -ea -Dfile.encoding=Cp1252 
java_command: org.eclipse.jdt.internal.junit.runner.RemoteTestRunner -version 3 -port 10413 -testLoaderClass org.eclipse.jdt.internal.junit4.runner.JUnit4TestLoader -loaderpluginname org.eclipse.jdt.junit4.runtime -classNames com.farbig.practice.entity.testcases.CollectionTestCases
java_class_path (initial): D:\WORKSPACE\PROJECTS\ECLIPSE WS\PREP2020\PERSISTENCE\HIBERNATE_4.3\bin;D:\WORKSPACE\PROJECTS\REPOSITORIES\LIBRARIES\HIBERNATE\hibernate-release-4.3.11.Final\lib\optional\ehcache\ehcache-core-2.4.3.jar;D:\WORKSPACE\PROJECTS\REPOSITORIES\LIBRARIES\HIBERNATE\hibernate-release-4.3.11.Final\lib\optional\ehcache\hibernate-ehcache-4.3.11.Final.jar;D:\WORKSPACE\PROJECTS\REPOSITORIES\LIBRARIES\HIBERNATE\hibernate-release-4.3.11.Final\lib\optional\ehcache\slf4j-api-1.6.1.jar;D:\WORKSPACE\PROJECTS\REPOSITORIES\LIBRARIES\HIBERNATE\hibernate-release-4.3.11.Final\lib\required\antlr-2.7.7.jar;D:\WORKSPACE\PROJECTS\REPOSITORIES\LIBRARIES\HIBERNATE\hibernate-release-4.3.11.Final\lib\required\dom4j-1.6.1.jar;D:\WORKSPACE\PROJECTS\REPOSITORIES\LIBRARIES\HIBERNATE\hibernate-release-4.3.11.Final\lib\required\hibernate-commons-annotations-4.0.5.Final.jar;D:\WORKSPACE\PROJECTS\REPOSITORIES\LIBRARIES\HIBERNATE\hibernate-release-4.3.11.Final\lib\required\hibernate-core-4.3.11.Final.jar;D:\WORKSPACE\PROJECTS\REPOSITORIES\LIBRARIES\HIBERNATE\hibernate-release-4.3.11.Final\lib\required\hibernate-jpa-2.1-api-1.0.0.Final.jar;D:\WORKSPACE\PROJECTS\REPOSITORIES\LIBRARIES\HIBERNATE\hibernate-release-4.3.11.Final\lib\required\jandex-1.1.0.Final.jar;D:\WORKSPACE\PROJECTS\REPOSITORIES\LIBRARIES\HIBERNATE\hibernate-release-4.3.11.Final\lib\required\javassist-3.18.1-GA.jar;D:\WORKSPACE\PROJECTS\REPOSITORIES\LIBRARIES\HIBERNATE\hibernate-release-4.3.11.Final\lib\required\jboss-logging-3.1.3.GA.jar;D:\WORKSPACE\PROJECTS\REPOSITORIES\LIBRARIES\HIBERNATE\hibernate-release-4.3.11.Final\lib\required\jboss-logging-annotations-1.2.0.Beta1.jar;D:\WORKSPACE\PROJECTS\REPOSITORIES\LIBRARIES\HIBERNATE\hibernate-release-4.3.11.Final\lib\required\jboss-transaction-api_1.2_spec-1.0.0.Final.jar;D:\WORKSPACE\PROJECTS\REPOSITORIES\LIBRARIES\POSTGRESQL\postgresql-9.4-1204.jdbc4.jar;D:\WORKSPACE\INSTALLATIONS\eclipse\plugins\org.junit_4.13.0.v20200204-1500.jar;D:\WORKSPACE\INSTALLATIONS\eclipse
Launcher Type: SUN_STANDARD

Environment Variables:
CLASSPATH=D:\WORKSPACE\INSTALLATIONS\ORACLE_HOME\wlserver\modules\features\weblogic.server.merger.jar;D:\WORKSPACE\INSTALLATIONS\apache-ant-1.9.15\lib\svnant-1.3.jar
PATH=D:/WORKSPACE/INSTALLATIONS/JDK8/bin/server;D:/WORKSPACE/INSTALLATIONS/JDK8/bin;D:/WORKSPACE/INSTALLATIONS/JDK8/lib/amd64;D:\WORKSPACE\INSTALLATIONS\JDK8\bin;C:\Program Files\Microsoft MPI\Bin\;C:\PROGRAM FILES (X86)\INTEL\ICLS CLIENT\;C:\PROGRAM FILES\INTEL\ICLS CLIENT\;C:\WINDOWS\SYSTEM32;C:\WINDOWS;C:\WINDOWS\SYSTEM32\WBEM;C:\WINDOWS\SYSTEM32\WINDOWSPOWERSHELL\V1.0\;C:\PROGRAM FILES (X86)\WINDOWS LIVE\SHARED;C:\PROGRAM FILES\INTEL\INTEL(R) MANAGEMENT ENGINE COMPONENTS\DAL;C:\PROGRAM FILES\INTEL\INTEL(R) MANAGEMENT ENGINE COMPONENTS\IPT;C:\PROGRAM FILES (X86)\INTEL\INTEL(R) MANAGEMENT ENGINE COMPONENTS\DAL;C:\PROGRAM FILES (X86)\INTEL\INTEL(R) MANAGEMENT ENGINE COMPONENTS\IPT;C:\PROGRAM FILES (X86)\GOOGLE\GOOGLE APPS SYNC\;C:\ADB;C:\WINDOWS\system32;C:\WINDOWS;C:\WINDOWS\System32\Wbem;C:\WINDOWS\System32\WindowsPowerShell\v1.0\;C:\Program Files (x86)\Common Files\lenovo\easyplussdk\bin;C:\Android;C:\Windows\System32;C:\WINDOWS\System32\OpenSSH\;C:\Program Files\Hewlett-Packard\SimplePass\;D:\WORKSPACE\INSTALLATIONS\PostgreSQL\bin;D:\WORKSPACE\INSTALLATIONS\SVN\bin;D:\WORKSPACE\PROJECTS\REPOSITORIES\1-TARANG PROJECTS\ANT-1.6.5\bin;C:\Program Files\nodejs\;D:\WORKSPACE\INSTALLATIONS\GRADLE\gradle-6.5\bin;C:\Users\HARRHY\AppData\Local\Microsoft\WindowsApps;C:\Users\HARRHY\AppData\Roaming\Dashlane\4.6.8.25848\bin\Firefox_Extension\{442718d9-475e-452a-b3e1-fb1ee16b8e9f}\components;D:\WORKSPACE\INSTALLATIONS\apache-ant-1.9.15\bin;C:\Users\HARRHY\AppData\Roaming\npm;D:\WORKSPACE\INSTALLATIONS\ECLIPSE_JEE_2020_03\eclipse;
USERNAME=HARRHY
OS=Windows_NT
PROCESSOR_IDENTIFIER=Intel64 Family 6 Model 60 Stepping 3, GenuineIntel



---------------  S Y S T E M  ---------------

OS: Windows 10.0 , 64 bit Build 18362 (10.0.18362.900)

CPU:total 8 (4 cores per cpu, 2 threads per core) family 6 model 60 stepping 3, cmov, cx8, fxsr, mmx, sse, sse2, sse3, ssse3, sse4.1, sse4.2, popcnt, avx, avx2, aes, clmul, erms, lzcnt, ht, tsc, tscinvbit, bmi1, bmi2

Memory: 4k page, physical 8319000k(992640k free), swap 13020184k(5164k free)

vm_info: Java HotSpot(TM) 64-Bit Server VM (25.45-b02) for windows-amd64 JRE (1.8.0_45-b15), built on Apr 30 2015 12:40:44 by "java_re" with MS VC++ 10.0 (VS2010)

time: Wed Jun 24 00:48:31 2020
elapsed time: 6 seconds (0d 0h 0m 6s)

