#
# There is insufficient memory for the Java Runtime Environment to continue.
# Native memory allocation (malloc) failed to allocate 726016 bytes for Chunk::new
# Possible reasons:
#   The system is out of physical RAM or swap space
#   In 32 bit mode, the process size limit was hit
# Possible solutions:
#   Reduce memory load on the system
#   Increase physical memory or swap space
#   Check if swap backing store is full
#   Use 64 bit Java on a 64 bit OS
#   Decrease Java heap size (-Xmx/-Xms)
#   Decrease number of Java threads
#   Decrease Java thread stack sizes (-Xss)
#   Set larger code cache with -XX:ReservedCodeCacheSize=
# This output file may be truncated or incomplete.
#
#  Out of Memory Error (allocation.cpp:390), pid=13608, tid=2932
#
# JRE version: Java(TM) SE Runtime Environment (8.0_45-b15) (build 1.8.0_45-b15)
# Java VM: Java HotSpot(TM) 64-Bit Server VM (25.45-b02 mixed mode windows-amd64 compressed oops)
# Failed to write core dump. Minidumps are not enabled by default on client versions of Windows
#

---------------  T H R E A D  ---------------

Current thread (0x000000001990b800):  JavaThread "C2 CompilerThread2" daemon [_thread_in_native, id=2932, stack(0x000000001a0d0000,0x000000001a1d0000)]

Stack: [0x000000001a0d0000,0x000000001a1d0000]
Native frames: (J=compiled Java code, j=interpreted, Vv=VM code, C=native code)
V  [jvm.dll+0x32b57a]
V  [jvm.dll+0x279873]
V  [jvm.dll+0x27a509]
V  [jvm.dll+0x271825]
V  [jvm.dll+0xcb9e2]
V  [jvm.dll+0xcbeac]
V  [jvm.dll+0x476ef2]
V  [jvm.dll+0x4b955f]
V  [jvm.dll+0x46b6b5]
V  [jvm.dll+0x46ccbe]
V  [jvm.dll+0x4500f2]
V  [jvm.dll+0xa4352]
V  [jvm.dll+0xa4c8f]
V  [jvm.dll+0x241984]
V  [jvm.dll+0x29853a]
C  [msvcr100.dll+0x21d9f]
C  [msvcr100.dll+0x21e3b]
C  [KERNEL32.DLL+0x17bd4]
C  [ntdll.dll+0x6ce51]


Current CompileTask:
C2:   4158 1092   !   4       java.net.URL::<init> (543 bytes)


---------------  P R O C E S S  ---------------

Java Threads: ( => current thread )
  0x000000001aa3b800 JavaThread "pool-1-thread-1" [_thread_blocked, id=15408, stack(0x000000001c4e0000,0x000000001c5e0000)]
  0x0000000019b88000 JavaThread "ReaderThread" [_thread_in_native, id=11304, stack(0x000000001acd0000,0x000000001add0000)]
  0x000000001999c000 JavaThread "Service Thread" daemon [_thread_blocked, id=14144, stack(0x000000001a2d0000,0x000000001a3d0000)]
  0x000000001990e000 JavaThread "C1 CompilerThread3" daemon [_thread_in_native, id=9804, stack(0x000000001a1d0000,0x000000001a2d0000)]
=>0x000000001990b800 JavaThread "C2 CompilerThread2" daemon [_thread_in_native, id=2932, stack(0x000000001a0d0000,0x000000001a1d0000)]
  0x0000000019905000 JavaThread "C2 CompilerThread1" daemon [_thread_blocked, id=6752, stack(0x0000000019fd0000,0x000000001a0d0000)]
  0x0000000019900000 JavaThread "C2 CompilerThread0" daemon [_thread_in_native, id=4948, stack(0x0000000019ed0000,0x0000000019fd0000)]
  0x00000000198fb800 JavaThread "Attach Listener" daemon [_thread_blocked, id=16596, stack(0x0000000019dd0000,0x0000000019ed0000)]
  0x00000000198fb000 JavaThread "Signal Dispatcher" daemon [_thread_blocked, id=6732, stack(0x0000000019cd0000,0x0000000019dd0000)]
  0x00000000028fb800 JavaThread "Finalizer" daemon [_thread_blocked, id=12104, stack(0x00000000197d0000,0x00000000198d0000)]
  0x00000000028f5000 JavaThread "Reference Handler" daemon [_thread_blocked, id=15688, stack(0x00000000196d0000,0x00000000197d0000)]
  0x0000000002802800 JavaThread "main" [_thread_in_Java, id=14464, stack(0x0000000002700000,0x0000000002800000)]

Other Threads:
  0x0000000017909000 VMThread [stack: 0x00000000195d0000,0x00000000196d0000] [id=2696]
  0x000000001999d000 WatcherThread [stack: 0x000000001a3d0000,0x000000001a4d0000] [id=13404]

VM state:not at safepoint (normal execution)

VM Mutex/Monitor currently owned by a thread: None

Heap:
 PSYoungGen      total 38400K, used 5510K [0x00000000d5b00000, 0x00000000d8580000, 0x0000000100000000)
  eden space 33280K, 16% used [0x00000000d5b00000,0x00000000d60619d0,0x00000000d7b80000)
  from space 5120K, 0% used [0x00000000d7b80000,0x00000000d7b80000,0x00000000d8080000)
  to   space 5120K, 0% used [0x00000000d8080000,0x00000000d8080000,0x00000000d8580000)
 ParOldGen       total 45568K, used 3382K [0x0000000081000000, 0x0000000083c80000, 0x00000000d5b00000)
  object space 45568K, 7% used [0x0000000081000000,0x000000008134dae8,0x0000000083c80000)
 Metaspace       used 16846K, capacity 17064K, committed 17152K, reserved 1064960K
  class space    used 2209K, capacity 2292K, committed 2304K, reserved 1048576K

Card table byte_map: [0x0000000011cc0000,0x00000000120c0000] byte_map_base: 0x00000000118b8000

Marking Bits: (ParMarkBitMap*) 0x0000000053dc4040
 Begin Bits: [0x0000000012b70000, 0x0000000014b30000)
 End Bits:   [0x0000000014b30000, 0x0000000016af0000)

Polling page: 0x0000000000910000

CodeCache: size=245760Kb used=4241Kb max_used=4252Kb free=241518Kb
 bounds [0x0000000002900000, 0x0000000002d30000, 0x0000000011900000]
 total_blobs=1718 nmethods=1329 adapters=302
 compilation: enabled

Compilation events (10 events):
Event: 3.396 Thread 0x0000000019900000 nmethod 1087 0x0000000002cb4650 code [0x0000000002cb4820, 0x0000000002cb5660]
Event: 3.421 Thread 0x000000001990e000 1089       1       org.hibernate.mapping.PersistentClass::getEntityName (5 bytes)
Event: 3.421 Thread 0x000000001990e000 nmethod 1089 0x0000000002ca8c90 code [0x0000000002ca8de0, 0x0000000002ca8ef0]
Event: 3.423 Thread 0x000000001990e000 1090       3       org.hibernate.internal.util.collections.JoinedIterator::updateCurrentIterator (101 bytes)
Event: 3.425 Thread 0x000000001990e000 nmethod 1090 0x0000000002cb3d10 code [0x0000000002cb3ec0, 0x0000000002cb4448]
Event: 3.438 Thread 0x000000001990e000 1091       3       java.lang.Class$MethodArray::addIfNotPresent (47 bytes)
Event: 3.439 Thread 0x000000001990e000 nmethod 1091 0x0000000002cb35d0 code [0x0000000002cb3760, 0x0000000002cb3b58]
Event: 3.503 Thread 0x000000001990b800 1092   !   4       java.net.URL::<init> (543 bytes)
Event: 3.505 Thread 0x0000000019905000 1093       4       java.net.URLStreamHandler::setURL (40 bytes)
Event: 3.516 Thread 0x0000000019905000 nmethod 1093 0x0000000002caf9d0 code [0x0000000002cafb20, 0x0000000002cafe38]

GC Heap History (2 events):
Event: 1.833 GC heap before
{Heap before GC invocations=1 (full 0):
 PSYoungGen      total 38400K, used 33280K [0x00000000d5b00000, 0x00000000d8580000, 0x0000000100000000)
  eden space 33280K, 100% used [0x00000000d5b00000,0x00000000d7b80000,0x00000000d7b80000)
  from space 5120K, 0% used [0x00000000d8080000,0x00000000d8080000,0x00000000d8580000)
  to   space 5120K, 0% used [0x00000000d7b80000,0x00000000d7b80000,0x00000000d8080000)
 ParOldGen       total 87552K, used 0K [0x0000000081000000, 0x0000000086580000, 0x00000000d5b00000)
  object space 87552K, 0% used [0x0000000081000000,0x0000000081000000,0x0000000086580000)
 Metaspace       used 8245K, capacity 8304K, committed 8576K, reserved 1056768K
  class space    used 1000K, capacity 1042K, committed 1152K, reserved 1048576K
Event: 1.845 GC heap after
Heap after GC invocations=1 (full 0):
 PSYoungGen      total 38400K, used 4026K [0x00000000d5b00000, 0x00000000d8580000, 0x0000000100000000)
  eden space 33280K, 0% used [0x00000000d5b00000,0x00000000d5b00000,0x00000000d7b80000)
  from space 5120K, 78% used [0x00000000d7b80000,0x00000000d7f6ebd8,0x00000000d8080000)
  to   space 5120K, 0% used [0x00000000d8080000,0x00000000d8080000,0x00000000d8580000)
 ParOldGen       total 87552K, used 8K [0x0000000081000000, 0x0000000086580000, 0x00000000d5b00000)
  object space 87552K, 0% used [0x0000000081000000,0x0000000081002000,0x0000000086580000)
 Metaspace       used 8245K, capacity 8304K, committed 8576K, reserved 1056768K
  class space    used 1000K, capacity 1042K, committed 1152K, reserved 1048576K
}

Deoptimization events (9 events):
Event: 0.436 Thread 0x0000000002802800 Uncommon trap: reason=unstable_if action=reinterpret pc=0x0000000002a2b7f8 method=java.lang.String.hashCode()I @ 14
Event: 1.111 Thread 0x0000000002802800 Uncommon trap: reason=unstable_if action=reinterpret pc=0x0000000002acc2d8 method=java.math.BigInteger.addOne([IIII)I @ 55
Event: 1.227 Thread 0x0000000002802800 Uncommon trap: reason=unstable_if action=reinterpret pc=0x0000000002afd73c method=java.util.HashMap.getNode(ILjava/lang/Object;)Ljava/util/HashMap$Node; @ 129
Event: 2.328 Thread 0x0000000002802800 Uncommon trap: reason=unstable_if action=reinterpret pc=0x0000000002b837cc method=java.lang.AbstractStringBuilder.append(Ljava/lang/String;)Ljava/lang/AbstractStringBuilder; @ 1
Event: 2.373 Thread 0x0000000002802800 Uncommon trap: reason=predicate action=maybe_recompile pc=0x0000000002b6cf08 method=sun.net.www.ParseUtil.encodePath(Ljava/lang/String;Z)Ljava/lang/String; @ 36
Event: 2.557 Thread 0x0000000002802800 Uncommon trap: reason=unstable_if action=reinterpret pc=0x0000000002b35054 method=java.lang.AbstractStringBuilder.append(Ljava/lang/String;)Ljava/lang/AbstractStringBuilder; @ 1
Event: 2.775 Thread 0x0000000002802800 Uncommon trap: reason=range_check action=make_not_entrant pc=0x0000000002c36fa0 method=sun.reflect.generics.parser.SignatureParser.current()C @ 34
Event: 2.944 Thread 0x0000000002802800 Uncommon trap: reason=unstable_if action=reinterpret pc=0x0000000002c50bec method=java.lang.String.regionMatches(ZILjava/lang/String;II)Z @ 123
Event: 2.945 Thread 0x0000000002802800 Uncommon trap: reason=unstable_if action=reinterpret pc=0x0000000002c5fccc method=java.lang.String.regionMatches(ZILjava/lang/String;II)Z @ 123

Internal exceptions (10 events):
Event: 0.201 Thread 0x0000000002802800 Exception <a 'java/lang/NoSuchMethodError': Method sun.misc.Unsafe.prefetchRead(Ljava/lang/Object;J)V name or signature does not match> (0x00000000d5b0eeb0) thrown at [C:\re\workspace\8-2-build-windows-amd64-cygwin\jdk8u45\3627\hotspot\src\share\vm\prims\jQxIwì?
Event: 0.890 Thread 0x0000000002802800 Exception <a 'java/security/PrivilegedActionException'> (0x00000000d6085608) thrown at [C:\re\workspace\8-2-build-windows-amd64-cygwin\jdk8u45\3627\hotspot\src\share\vm\prims\jvm.cpp, line 1382]
Event: 0.890 Thread 0x0000000002802800 Exception <a 'java/security/PrivilegedActionException'> (0x00000000d6085950) thrown at [C:\re\workspace\8-2-build-windows-amd64-cygwin\jdk8u45\3627\hotspot\src\share\vm\prims\jvm.cpp, line 1382]
Event: 0.891 Thread 0x0000000002802800 Exception <a 'java/security/PrivilegedActionException'> (0x00000000d6088668) thrown at [C:\re\workspace\8-2-build-windows-amd64-cygwin\jdk8u45\3627\hotspot\src\share\vm\prims\jvm.cpp, line 1382]
Event: 0.891 Thread 0x0000000002802800 Exception <a 'java/security/PrivilegedActionException'> (0x00000000d60889b0) thrown at [C:\re\workspace\8-2-build-windows-amd64-cygwin\jdk8u45\3627\hotspot\src\share\vm\prims\jvm.cpp, line 1382]
Event: 2.328 Thread 0x0000000002802800 Implicit null exception at 0x0000000002b83459 to 0x0000000002b837b5
Event: 2.557 Thread 0x0000000002802800 Exception <a 'java/lang/NullPointerException'> (0x00000000d6808d68) thrown at [C:\re\workspace\8-2-build-windows-amd64-cygwin\jdk8u45\3627\hotspot\src\share\vm\runtime\reflection.cpp, line 921]
Event: 2.557 Thread 0x0000000002802800 Implicit null exception at 0x0000000002b34d16 to 0x0000000002b3503d
Event: 2.700 Thread 0x0000000002802800 Exception <a 'java/lang/reflect/InvocationTargetException'> (0x00000000d6a58460) thrown at [C:\re\workspace\8-2-build-windows-amd64-cygwin\jdk8u45\3627\hotspot\src\share\vm\runtime\reflection.cpp, line 1080]
Event: 2.775 Thread 0x0000000002802800 Exception <a 'java/lang/ArrayIndexOutOfBoundsException': 18> (0x00000000d6d02250) thrown at [C:\re\workspace\8-2-build-windows-amd64-cygwin\jdk8u45\3627\hotspot\src\share\vm\interpreter\interpreterRuntime.cpp, line 366]

Events (10 events):
Event: 3.568 loading class javassist/util/proxy/ProxyFactory$1
Event: 3.568 loading class javassist/util/proxy/ProxyFactory$1 done
Event: 3.569 loading class javassist/util/proxy/ProxyFactory$2
Event: 3.569 loading class javassist/util/proxy/ProxyFactory$2 done
Event: 3.570 loading class javassist/util/proxy/ProxyFactory$3
Event: 3.570 loading class javassist/util/proxy/ProxyFactory$3 done
Event: 3.572 loading class javassist/util/proxy/SecurityActions
Event: 3.572 loading class javassist/util/proxy/SecurityActions done
Event: 3.574 loading class javassist/util/proxy/RuntimeSupport
Event: 3.574 loading class javassist/util/proxy/RuntimeSupport done


Dynamic libraries:
0x00007ff6dd2b0000 - 0x00007ff6dd2e7000 	D:\WORKSPACE\INSTALLATIONS\JDK8\bin\javaw.exe
0x00007ffee2240000 - 0x00007ffee2430000 	C:\WINDOWS\SYSTEM32\ntdll.dll
0x00007ffee1a90000 - 0x00007ffee1b42000 	C:\WINDOWS\System32\KERNEL32.DLL
0x00007ffedf4f0000 - 0x00007ffedf794000 	C:\WINDOWS\System32\KERNELBASE.dll
0x00007ffee05e0000 - 0x00007ffee0683000 	C:\WINDOWS\System32\ADVAPI32.dll
0x00007ffee1160000 - 0x00007ffee11fe000 	C:\WINDOWS\System32\msvcrt.dll
0x00007ffee1200000 - 0x00007ffee1297000 	C:\WINDOWS\System32\sechost.dll
0x00007ffee03c0000 - 0x00007ffee04e0000 	C:\WINDOWS\System32\RPCRT4.dll
0x00007ffee1450000 - 0x00007ffee15e4000 	C:\WINDOWS\System32\USER32.dll
0x00007ffee02c0000 - 0x00007ffee02e1000 	C:\WINDOWS\System32\win32u.dll
0x00007ffee21d0000 - 0x00007ffee21f6000 	C:\WINDOWS\System32\GDI32.dll
0x00007ffedf2d0000 - 0x00007ffedf465000 	C:\WINDOWS\System32\gdi32full.dll
0x00007ffedfaa0000 - 0x00007ffedfb3e000 	C:\WINDOWS\System32\msvcp_win.dll
0x00007ffedf7a0000 - 0x00007ffedf89a000 	C:\WINDOWS\System32\ucrtbase.dll
0x00007ffede510000 - 0x00007ffede794000 	C:\WINDOWS\WinSxS\amd64_microsoft.windows.common-controls_6595b64144ccf1df_6.0.18362.900_none_e6beb9d913147d17\COMCTL32.dll
0x00007ffee15f0000 - 0x00007ffee1925000 	C:\WINDOWS\System32\combase.dll
0x00007ffedf8a0000 - 0x00007ffedf920000 	C:\WINDOWS\System32\bcryptPrimitives.dll
0x00007ffee05b0000 - 0x00007ffee05de000 	C:\WINDOWS\System32\IMM32.DLL
0x0000000053410000 - 0x00000000534e2000 	D:\WORKSPACE\INSTALLATIONS\JDK8\bin\msvcr100.dll
0x00000000535c0000 - 0x0000000053e43000 	D:\WORKSPACE\INSTALLATIONS\JDK8\bin\server\jvm.dll
0x00007ffee07d0000 - 0x00007ffee07d8000 	C:\WINDOWS\System32\PSAPI.DLL
0x00007ffecb400000 - 0x00007ffecb409000 	C:\WINDOWS\SYSTEM32\WSOCK32.dll
0x00007ffedaa50000 - 0x00007ffedaa74000 	C:\WINDOWS\SYSTEM32\WINMM.dll
0x00007ffee04e0000 - 0x00007ffee054f000 	C:\WINDOWS\System32\WS2_32.dll
0x00007ffecb430000 - 0x00007ffecb43a000 	C:\WINDOWS\SYSTEM32\VERSION.dll
0x00007ffedaa20000 - 0x00007ffedaa4d000 	C:\WINDOWS\SYSTEM32\winmmbase.dll
0x00007ffedf1d0000 - 0x00007ffedf21a000 	C:\WINDOWS\System32\cfgmgr32.dll
0x00000000535b0000 - 0x00000000535bf000 	D:\WORKSPACE\INSTALLATIONS\JDK8\bin\verify.dll
0x0000000053580000 - 0x00000000535a9000 	D:\WORKSPACE\INSTALLATIONS\JDK8\bin\java.dll
0x0000000053560000 - 0x0000000053576000 	D:\WORKSPACE\INSTALLATIONS\JDK8\bin\zip.dll
0x00007ffee07e0000 - 0x00007ffee0ec6000 	C:\WINDOWS\System32\SHELL32.dll
0x00007ffee0fa0000 - 0x00007ffee1049000 	C:\WINDOWS\System32\shcore.dll
0x00007ffedfb40000 - 0x00007ffee02c0000 	C:\WINDOWS\System32\windows.storage.dll
0x00007ffedf1a0000 - 0x00007ffedf1c3000 	C:\WINDOWS\System32\profapi.dll
0x00007ffedf150000 - 0x00007ffedf19a000 	C:\WINDOWS\System32\powrprof.dll
0x00007ffedf100000 - 0x00007ffedf110000 	C:\WINDOWS\System32\UMPDC.dll
0x00007ffee0f40000 - 0x00007ffee0f92000 	C:\WINDOWS\System32\shlwapi.dll
0x00007ffedf130000 - 0x00007ffedf141000 	C:\WINDOWS\System32\kernel.appcore.dll
0x00007ffedf470000 - 0x00007ffedf487000 	C:\WINDOWS\System32\cryptsp.dll
0x0000000053540000 - 0x000000005355a000 	D:\WORKSPACE\INSTALLATIONS\JDK8\bin\net.dll
0x00007ffede290000 - 0x00007ffede2f7000 	C:\WINDOWS\system32\mswsock.dll
0x00007ffede030000 - 0x00007ffede0fb000 	C:\WINDOWS\SYSTEM32\DNSAPI.dll
0x00007ffee1c80000 - 0x00007ffee1c88000 	C:\WINDOWS\System32\NSI.dll
0x00007ffeddfa0000 - 0x00007ffeddfda000 	C:\WINDOWS\SYSTEM32\IPHLPAPI.DLL
0x00007ffed78f0000 - 0x00007ffed78fa000 	C:\Windows\System32\rasadhlp.dll
0x00007ffed7990000 - 0x00007ffed7a07000 	C:\WINDOWS\System32\fwpuclnt.dll
0x00007ffedf920000 - 0x00007ffedf946000 	C:\WINDOWS\System32\bcrypt.dll
0x00007ffedeb00000 - 0x00007ffedecf4000 	C:\WINDOWS\SYSTEM32\dbghelp.dll

VM Arguments:
jvm_args: -ea -Dfile.encoding=Cp1252 
java_command: org.eclipse.jdt.internal.junit.runner.RemoteTestRunner -version 3 -port 8537 -testLoaderClass org.eclipse.jdt.internal.junit4.runner.JUnit4TestLoader -loaderpluginname org.eclipse.jdt.junit4.runtime -test com.farbig.practice.entity.testcases.OneToOneTestCases:test4_UNIO2OJT
java_class_path (initial): D:\WORKSPACE\PROJECTS\ECLIPSE WS\PREP2020\PERSISTENCE\HIBERNATE_4.3\bin;D:\WORKSPACE\PROJECTS\REPOSITORIES\LIBRARIES\HIBERNATE\hibernate-release-4.3.11.Final\lib\optional\ehcache\ehcache-core-2.4.3.jar;D:\WORKSPACE\PROJECTS\REPOSITORIES\LIBRARIES\HIBERNATE\hibernate-release-4.3.11.Final\lib\optional\ehcache\hibernate-ehcache-4.3.11.Final.jar;D:\WORKSPACE\PROJECTS\REPOSITORIES\LIBRARIES\HIBERNATE\hibernate-release-4.3.11.Final\lib\optional\ehcache\slf4j-api-1.6.1.jar;D:\WORKSPACE\PROJECTS\REPOSITORIES\LIBRARIES\HIBERNATE\hibernate-release-4.3.11.Final\lib\required\antlr-2.7.7.jar;D:\WORKSPACE\PROJECTS\REPOSITORIES\LIBRARIES\HIBERNATE\hibernate-release-4.3.11.Final\lib\required\dom4j-1.6.1.jar;D:\WORKSPACE\PROJECTS\REPOSITORIES\LIBRARIES\HIBERNATE\hibernate-release-4.3.11.Final\lib\required\hibernate-commons-annotations-4.0.5.Final.jar;D:\WORKSPACE\PROJECTS\REPOSITORIES\LIBRARIES\HIBERNATE\hibernate-release-4.3.11.Final\lib\required\hibernate-core-4.3.11.Final.jar;D:\WORKSPACE\PROJECTS\REPOSITORIES\LIBRARIES\HIBERNATE\hibernate-release-4.3.11.Final\lib\required\hibernate-jpa-2.1-api-1.0.0.Final.jar;D:\WORKSPACE\PROJECTS\REPOSITORIES\LIBRARIES\HIBERNATE\hibernate-release-4.3.11.Final\lib\required\jandex-1.1.0.Final.jar;D:\WORKSPACE\PROJECTS\REPOSITORIES\LIBRARIES\HIBERNATE\hibernate-release-4.3.11.Final\lib\required\javassist-3.18.1-GA.jar;D:\WORKSPACE\PROJECTS\REPOSITORIES\LIBRARIES\HIBERNATE\hibernate-release-4.3.11.Final\lib\required\jboss-logging-3.1.3.GA.jar;D:\WORKSPACE\PROJECTS\REPOSITORIES\LIBRARIES\HIBERNATE\hibernate-release-4.3.11.Final\lib\required\jboss-logging-annotations-1.2.0.Beta1.jar;D:\WORKSPACE\PROJECTS\REPOSITORIES\LIBRARIES\HIBERNATE\hibernate-release-4.3.11.Final\lib\required\jboss-transaction-api_1.2_spec-1.0.0.Final.jar;D:\WORKSPACE\PROJECTS\REPOSITORIES\LIBRARIES\POSTGRESQL\postgresql-9.4-1204.jdbc4.jar;D:\WORKSPACE\INSTALLATIONS\eclipse\plugins\org.junit_4.13.0.v20200204-1500.jar;D:\WORKSPACE\INSTALLATIONS\eclipse
Launcher Type: SUN_STANDARD

Environment Variables:
CLASSPATH=D:\WORKSPACE\INSTALLATIONS\ORACLE_HOME\wlserver\modules\features\weblogic.server.merger.jar;D:\WORKSPACE\INSTALLATIONS\apache-ant-1.9.15\lib\svnant-1.3.jar
PATH=D:/WORKSPACE/INSTALLATIONS/JDK8/bin/server;D:/WORKSPACE/INSTALLATIONS/JDK8/bin;D:/WORKSPACE/INSTALLATIONS/JDK8/lib/amd64;D:\WORKSPACE\INSTALLATIONS\JDK8\bin;C:\Program Files\Microsoft MPI\Bin\;C:\PROGRAM FILES (X86)\INTEL\ICLS CLIENT\;C:\PROGRAM FILES\INTEL\ICLS CLIENT\;C:\WINDOWS\SYSTEM32;C:\WINDOWS;C:\WINDOWS\SYSTEM32\WBEM;C:\WINDOWS\SYSTEM32\WINDOWSPOWERSHELL\V1.0\;C:\PROGRAM FILES (X86)\WINDOWS LIVE\SHARED;C:\PROGRAM FILES\INTEL\INTEL(R) MANAGEMENT ENGINE COMPONENTS\DAL;C:\PROGRAM FILES\INTEL\INTEL(R) MANAGEMENT ENGINE COMPONENTS\IPT;C:\PROGRAM FILES (X86)\INTEL\INTEL(R) MANAGEMENT ENGINE COMPONENTS\DAL;C:\PROGRAM FILES (X86)\INTEL\INTEL(R) MANAGEMENT ENGINE COMPONENTS\IPT;C:\PROGRAM FILES (X86)\GOOGLE\GOOGLE APPS SYNC\;C:\ADB;C:\WINDOWS\system32;C:\WINDOWS;C:\WINDOWS\System32\Wbem;C:\WINDOWS\System32\WindowsPowerShell\v1.0\;C:\Program Files (x86)\Common Files\lenovo\easyplussdk\bin;C:\Android;C:\Windows\System32;C:\WINDOWS\System32\OpenSSH\;C:\Program Files\Hewlett-Packard\SimplePass\;D:\WORKSPACE\INSTALLATIONS\PostgreSQL\bin;D:\WORKSPACE\INSTALLATIONS\SVN\bin;D:\WORKSPACE\PROJECTS\REPOSITORIES\1-TARANG PROJECTS\ANT-1.6.5\bin;C:\Program Files\nodejs\;D:\WORKSPACE\INSTALLATIONS\GRADLE\gradle-6.5\bin;C:\Users\HARRHY\AppData\Local\Microsoft\WindowsApps;C:\Users\HARRHY\AppData\Roaming\Dashlane\4.6.8.25848\bin\Firefox_Extension\{442718d9-475e-452a-b3e1-fb1ee16b8e9f}\components;D:\WORKSPACE\INSTALLATIONS\apache-ant-1.9.15\bin;C:\Users\HARRHY\AppData\Roaming\npm;D:\WORKSPACE\INSTALLATIONS\ECLIPSE_JEE_2020_03\eclipse;
USERNAME=HARRHY
OS=Windows_NT
PROCESSOR_IDENTIFIER=Intel64 Family 6 Model 60 Stepping 3, GenuineIntel



---------------  S Y S T E M  ---------------

OS: Windows 10.0 , 64 bit Build 18362 (10.0.18362.900)

CPU:total 8 (4 cores per cpu, 2 threads per core) family 6 model 60 stepping 3, cmov, cx8, fxsr, mmx, sse, sse2, sse3, ssse3, sse4.1, sse4.2, popcnt, avx, avx2, aes, clmul, erms, lzcnt, ht, tsc, tscinvbit, bmi1, bmi2

Memory: 4k page, physical 8319000k(827804k free), swap 13020184k(32496k free)

vm_info: Java HotSpot(TM) 64-Bit Server VM (25.45-b02) for windows-amd64 JRE (1.8.0_45-b15), built on Apr 30 2015 12:40:44 by "java_re" with MS VC++ 10.0 (VS2010)

time: Tue Jun 23 19:03:24 2020
elapsed time: 6 seconds (0d 0h 0m 6s)

